================================================================
Program: CD-HIT, V4.6 (+OpenMP), Jan 10 2017, 12:37:57
Command: cd-hit-est -i phages.fasta -o rawseqs_cdhit100 -d 0

Started: Tue Apr 26 18:56:55 2022
================================================================
                            Output                              
----------------------------------------------------------------
total seq: 25
longest and shortest : 131704 and 31674
Total letters: 1285855
Sequences have been sorted

Approximated minimal memory consumption:
Sequence        : 1M
Buffer          : 1 X 40M = 40M
Table           : 1 X 16M = 16M
Miscellaneous   : 4M
Total           : 62M

Table limit with the given memory limit:
Max number of representatives: 40000
Max number of word counting entries: 92205486

comparing sequences from          0  to         25

       25  finished         24  clusters

Apprixmated maximum memory consumption: 70M
writing new database
writing clustering information
program completed !

Total CPU time 3.87
